<?xml version="1.0" encoding="UTF-8"?>
<!-- Generated by org.testng.reporters.JUnitReportReporter -->
<testsuite hostname="DESKTOP-2KD9ONT" failures="0" tests="1" name="TestngDemo" time="0.005" errors="0" timestamp="2021-12-03T18:31:33 EET" skipped="0">
  <testcase classname="TestngDemo" name="openURL" time="0.005"/>
  <system-out/>
</testsuite> <!-- TestngDemo -->
