<?xml version="1.0" encoding="UTF-8"?>
<!-- Generated by org.testng.reporters.JUnitReportReporter -->
<testsuite hostname="DESKTOP-2KD9ONT" failures="0" tests="3" name="tests.UserRegistrationTest" time="8.356" errors="0" timestamp="2022-06-14T16:58:38 IDT" skipped="0">
  <testcase classname="tests.UserRegistrationTest" name="registeredUserCanLogout" time="0.946"/>
  <system-out/>
  <testcase classname="tests.UserRegistrationTest" name="registeredUserCanLogin" time="3.305"/>
  <system-out/>
  <testcase classname="tests.UserRegistrationTest" name="userCanRegisterSuccessfully" time="4.105"/>
  <system-out/>
</testsuite> <!-- tests.UserRegistrationTest -->
