<?xml version="1.0" encoding="UTF-8"?>
<!-- Generated by org.testng.reporters.JUnitReportReporter -->
<testsuite hostname="DESKTOP-2KD9ONT" failures="0" tests="1" name="tests.SearchProductUsingAutoSuggest" time="2.390" errors="0" timestamp="2022-06-14T16:58:38 IDT" skipped="0">
  <testcase classname="tests.SearchProductUsingAutoSuggest" name="userCanSearchWithAutoSuggest" time="2.390"/>
  <system-out/>
</testsuite> <!-- tests.SearchProductUsingAutoSuggest -->
