<?xml version="1.0" encoding="UTF-8"?>
<!-- Generated by org.testng.reporters.JUnitReportReporter -->
<testsuite hostname="DESKTOP-2KD9ONT" failures="0" tests="2" name="tests.AddProductToCompareTest" time="11.110" errors="0" timestamp="2022-06-14T16:58:38 IDT" skipped="0">
  <testcase classname="tests.AddProductToCompareTest" name="userCanCompareProducts" time="9.634"/>
  <system-out/>
  <testcase classname="tests.AddProductToCompareTest" name="userCanClearCompareList" time="1.476"/>
  <system-out/>
</testsuite> <!-- tests.AddProductToCompareTest -->
